[debug] [2017-11-27T17:18:22.469Z] ----------------------------------------------------------------------
[debug] [2017-11-27T17:18:22.472Z] Command:       /Users/johnmclaughlin/.nvm/versions/node/v7.10.1/bin/node /Users/johnmclaughlin/.nvm/versions/node/v7.10.1/bin/firebase serve
[debug] [2017-11-27T17:18:22.472Z] CLI Version:   3.15.3
[debug] [2017-11-27T17:18:22.472Z] Platform:      darwin
[debug] [2017-11-27T17:18:22.472Z] Node Version:  v7.10.1
[debug] [2017-11-27T17:18:22.473Z] Time:          Mon Nov 27 2017 12:18:22 GMT-0500 (EST)
[debug] [2017-11-27T17:18:22.473Z] ----------------------------------------------------------------------
[debug] 
[debug] [2017-11-27T17:18:22.485Z] > command requires scopes: ["email","openid","https://www.googleapis.com/auth/cloudplatformprojects.readonly","https://www.googleapis.com/auth/firebase","https://www.googleapis.com/auth/cloud-platform"]
[debug] [2017-11-27T17:18:22.485Z] > authorizing via signed-in user
[debug] [2017-11-27T17:18:22.487Z] > refreshing access token with scopes: ["email","https://www.googleapis.com/auth/cloud-platform","https://www.googleapis.com/auth/cloudplatformprojects.readonly","https://www.googleapis.com/auth/firebase","openid"]
[debug] [2017-11-27T17:18:22.487Z] >>> HTTP REQUEST POST https://www.googleapis.com/oauth2/v3/token { refresh_token: '1/q1lh4fVny7bTAjTfNmbOwdEn1yKKRP-oOk0gAvCN7L8',
  client_id: '563584335869-fgrhgmd47bqnekij5i8b5pr03ho849e6.apps.googleusercontent.com',
  client_secret: 'j9iVZfS8kkCEFUPaAeJV0sAi',
  grant_type: 'refresh_token',
  scope: 'email https://www.googleapis.com/auth/cloud-platform https://www.googleapis.com/auth/cloudplatformprojects.readonly https://www.googleapis.com/auth/firebase openid' } 
 Mon Nov 27 2017 12:18:22 GMT-0500 (EST)
[debug] [2017-11-27T17:18:22.679Z] <<< HTTP RESPONSE 200
[debug] [2017-11-27T17:18:22.802Z] >>> HTTP REQUEST GET https://admin.firebase.com/v1/projects/learn2lead-f1c18  
 Mon Nov 27 2017 12:18:22 GMT-0500 (EST)
[debug] [2017-11-27T17:18:23.204Z] <<< HTTP RESPONSE 200
[debug] [2017-11-27T17:18:23.205Z] >>> HTTP REQUEST GET https://admin.firebase.com/v1/database/learn2lead-f1c18/tokens  
 Mon Nov 27 2017 12:18:23 GMT-0500 (EST)
[debug] [2017-11-27T17:18:23.638Z] <<< HTTP RESPONSE 200
[info] 
[info] === Serving from '/Users/johnmclaughlin/learn2lead'...
[info] 
[debug] [2017-11-27T17:18:23.642Z] >>> HTTP REQUEST GET https://cloudresourcemanager.googleapis.com/v1/projects/learn2lead-f1c18  
 Mon Nov 27 2017 12:18:23 GMT-0500 (EST)
[debug] [2017-11-27T17:18:23.985Z] <<< HTTP RESPONSE 200
[debug] [2017-11-27T17:18:23.986Z] >>> HTTP REQUEST GET https://mobilesdk-pa.googleapis.com/v1/projects/1035414128718/clients/_:getWebAppConfig  
 Mon Nov 27 2017 12:18:23 GMT-0500 (EST)
[debug] [2017-11-27T17:18:24.362Z] <<< HTTP RESPONSE 200
[debug] [2017-11-27T17:18:24.481Z] TypeError: Cannot read property 'public' of undefined
    at Server.<anonymous> (/Users/johnmclaughlin/.nvm/versions/node/v7.10.1/lib/node_modules/firebase-tools/lib/serve/hosting.js:34:17)
    at Object.onceWrapper (events.js:293:19)
    at emitNone (events.js:86:13)
    at Server.emit (events.js:188:7)
    at emitListeningNT (net.js:1286:10)
    at _combinedTickCallback (internal/process/next_tick.js:77:11)
    at process._tickDomainCallback (internal/process/next_tick.js:128:9)
[error] 
[error] Error: An unexpected error has occurred.
